<?xml version="1.0" encoding="UTF-8"?>
<testng-results ignored="0" total="1" passed="1" failed="0" skipped="0">
  <reporter-output>
  </reporter-output>
  <suite started-at="2023-06-04T17:31:20 BST" name="Default suite" finished-at="2023-06-04T17:31:40 BST" duration-ms="20324">
    <groups>
    </groups>
    <test started-at="2023-06-04T17:31:20 BST" name="Default test" finished-at="2023-06-04T17:31:40 BST" duration-ms="20324">
      <class name="kiMockPlatform.CreateANewQuoteTest">
        <test-method is-config="true" signature="setUp()[pri:0, instance:kiMockPlatform.CreateANewQuoteTest@202b0582]" started-at="2023-06-04T17:31:20 BST" name="setUp" finished-at="2023-06-04T17:31:23 BST" duration-ms="3470" status="PASS">
          <reporter-output>
          </reporter-output>
        </test-method> <!-- setUp -->
        <test-method signature="verifyCreateANewQuote()[pri:0, instance:kiMockPlatform.CreateANewQuoteTest@202b0582]" started-at="2023-06-04T17:31:23 BST" name="verifyCreateANewQuote" finished-at="2023-06-04T17:31:40 BST" duration-ms="16791" status="PASS">
          <reporter-output>
          </reporter-output>
        </test-method> <!-- verifyCreateANewQuote -->
      </class> <!-- kiMockPlatform.CreateANewQuoteTest -->
    </test> <!-- Default test -->
  </suite> <!-- Default suite -->
</testng-results>
